[35m[1mScanning dependencies of target sensor_msgs_generate_messages_cpp
[35m[1mScanning dependencies of target tf2_msgs_generate_messages_py
[35m[1mScanning dependencies of target roscpp_generate_messages_cpp
[0m[0m[0m[35m[1mScanning dependencies of target art_common_gencfg
[0m[  0%] [  0%] [  0%] [ 33%] Built target tf2_msgs_generate_messages_py
Built target sensor_msgs_generate_messages_cpp
Built target roscpp_generate_messages_cpp
[34m[1mGenerating dynamic reconfigure files from cfg/CameraTransform.cfg: /home/amogh/rosws2/devel/.private/art_common/include/art_common/CameraTransformConfig.h /home/amogh/rosws2/devel/.private/art_common/lib/python2.7/dist-packages/art_common/cfg/CameraTransformConfig.py
[0m[35m[1mScanning dependencies of target rosgraph_msgs_generate_messages_py
[35m[1mScanning dependencies of target actionlib_generate_messages_cpp
[35m[1mScanning dependencies of target tf_generate_messages_py
[0m[0m[0m[ 33%] Built target tf_generate_messages_py
[ 33%] Built target rosgraph_msgs_generate_messages_py
[ 33%] Built target actionlib_generate_messages_cpp
[35m[1mScanning dependencies of target actionlib_generate_messages_py
[0m[35m[1mScanning dependencies of target actionlib_generate_messages_lisp
[0m[35m[1mScanning dependencies of target std_msgs_generate_messages_cpp
[0m[ 33%] Built target actionlib_generate_messages_py
[ 33%] Built target actionlib_generate_messages_lisp
[ 33%] Built target std_msgs_generate_messages_cpp
[35m[1mScanning dependencies of target std_msgs_generate_messages_lisp
[0m[35m[1mScanning dependencies of target std_msgs_generate_messages_py
[0m[35m[1mScanning dependencies of target tf_generate_messages_cpp
[0m[ 33%] Built target std_msgs_generate_messages_lisp
[ 33%] Built target std_msgs_generate_messages_py
[ 33%] Built target tf_generate_messages_cpp
[35m[1mScanning dependencies of target dynamic_reconfigure_gencfg
[0m[35m[1mScanning dependencies of target actionlib_msgs_generate_messages_lisp
[35m[1mScanning dependencies of target actionlib_msgs_generate_messages_py
[0m[0m[ 33%] Built target dynamic_reconfigure_gencfg
[ 33%] Built target actionlib_msgs_generate_messages_lisp
[ 33%] [35m[1mScanning dependencies of target dynamic_reconfigure_generate_messages_cpp
[0mBuilt target actionlib_msgs_generate_messages_py
[35m[1mScanning dependencies of target actionlib_msgs_generate_messages_cpp
[0m[ 33%] [35m[1mScanning dependencies of target geometry_msgs_generate_messages_lisp
Built target dynamic_reconfigure_generate_messages_cpp
[0m[ 33%] Built target actionlib_msgs_generate_messages_cpp
[ 33%] Built target geometry_msgs_generate_messages_lisp
[35m[1mScanning dependencies of target tf_generate_messages_lisp
[0m[35m[1mScanning dependencies of target geometry_msgs_generate_messages_py
[0m[35m[1mScanning dependencies of target rosgraph_msgs_generate_messages_lisp
[0m[ 33%] Built target tf_generate_messages_lisp
[ 33%] [ 33%] Built target geometry_msgs_generate_messages_py
Built target rosgraph_msgs_generate_messages_lisp
[35m[1mScanning dependencies of target rosgraph_msgs_generate_messages_cpp
[0m[35m[1mScanning dependencies of target sensor_msgs_generate_messages_py
[35m[1mScanning dependencies of target sensor_msgs_generate_messages_lisp
[0m[0m[ 33%] Built target rosgraph_msgs_generate_messages_cpp
[ 33%] [ 33%] Built target sensor_msgs_generate_messages_py
Built target sensor_msgs_generate_messages_lisp
[35m[1mScanning dependencies of target tf2_msgs_generate_messages_cpp
[0m[35m[1mScanning dependencies of target geometry_msgs_generate_messages_cpp
[35m[1mScanning dependencies of target roscpp_generate_messages_lisp
[0m[0m[ 33%] Generating reconfiguration files for CameraTransform in art_common
Built target tf2_msgs_generate_messages_cpp
[ 33%] [ 33%] Built target roscpp_generate_messages_lisp
Built target geometry_msgs_generate_messages_cpp
Wrote header file in /home/amogh/rosws2/devel/.private/art_common/include/art_common/CameraTransformConfig.h
[35m[1mScanning dependencies of target roscpp_generate_messages_py
[0m[35m[1mScanning dependencies of target tf2_msgs_generate_messages_lisp
[35m[1mScanning dependencies of target dynamic_reconfigure_generate_messages_py
[0m[0m[ 33%] [ 33%] [ 33%] Built target roscpp_generate_messages_py
Built target tf2_msgs_generate_messages_lisp
Built target dynamic_reconfigure_generate_messages_py
[ 33%] Built target art_common_gencfg
[35m[1mScanning dependencies of target dynamic_reconfigure_generate_messages_lisp
[0m[ 33%] Built target dynamic_reconfigure_generate_messages_lisp
[35m[1mScanning dependencies of target vehicle_configurable_tf
[35m[1mScanning dependencies of target vehicle_static_tf
[0m[0m[ 66%] [100%] [32mBuilding CXX object CMakeFiles/vehicle_static_tf.dir/src/vehicle_static_tf.cc.o
[0m[32mBuilding CXX object CMakeFiles/vehicle_configurable_tf.dir/src/vehicle_configurable_tf.cc.o
/home/amogh/rosws2/src/art_common/src/vehicle_static_tf.cc:13:24: fatal error: art/frames.h: No such file or directory
 #include <art/frames.h>
                        ^
compilation terminated.
/home/amogh/rosws2/src/art_common/src/vehicle_configurable_tf.cc:13:24: fatal error: art/frames.h: No such file or directory
 #include <art/frames.h>
                        ^
compilation terminated.
make[2]: *** [CMakeFiles/vehicle_configurable_tf.dir/src/vehicle_configurable_tf.cc.o] Error 1
make[1]: *** [CMakeFiles/vehicle_configurable_tf.dir/all] Error 2
make[1]: *** Waiting for unfinished jobs....
make[2]: *** [CMakeFiles/vehicle_static_tf.dir/src/vehicle_static_tf.cc.o] Error 1
make[1]: *** [CMakeFiles/vehicle_static_tf.dir/all] Error 2
make: *** [all] Error 2
