[ 33%] [ 33%] Built target art_common_gencfg
Built target tf2_msgs_generate_messages_py
[ 33%] [ 33%] Built target geometry_msgs_generate_messages_cpp
Built target roscpp_generate_messages_cpp
[ 33%] [ 33%] Built target geometry_msgs_generate_messages_lisp
[ 33%] Built target roscpp_generate_messages_lisp
Built target actionlib_msgs_generate_messages_cpp
[ 33%] Built target sensor_msgs_generate_messages_cpp
[ 33%] [ 33%] [ 33%] Built target sensor_msgs_generate_messages_lisp
Built target actionlib_generate_messages_cpp
Built target sensor_msgs_generate_messages_py
[ 33%] Built target tf_generate_messages_py
[ 33%] [ 33%] [ 33%] Built target rosgraph_msgs_generate_messages_lisp
Built target dynamic_reconfigure_generate_messages_py
Built target actionlib_generate_messages_lisp
[ 33%] Built target actionlib_msgs_generate_messages_lisp
[ 33%] [ 33%] Built target tf_generate_messages_lisp
Built target actionlib_msgs_generate_messages_py
[ 33%] Built target std_msgs_generate_messages_py
[ 33%] Built target actionlib_generate_messages_py
[ 33%] Built target rosgraph_msgs_generate_messages_cpp
[ 33%] Built target dynamic_reconfigure_generate_messages_cpp
[ 33%] [ 33%] Built target rosgraph_msgs_generate_messages_py
Built target std_msgs_generate_messages_cpp
[ 33%] [ 33%] Built target dynamic_reconfigure_generate_messages_lisp
Built target std_msgs_generate_messages_lisp
[ 33%] [ 33%] Built target roscpp_generate_messages_py
Built target geometry_msgs_generate_messages_py
[ 33%] [ 33%] Built target tf_generate_messages_cpp
Built target dynamic_reconfigure_gencfg
[ 33%] Built target tf2_msgs_generate_messages_cpp
[ 33%] Built target tf2_msgs_generate_messages_lisp
[100%] [100%] Built target vehicle_static_tf
Built target vehicle_configurable_tf
