[ 33%] [ 33%] Built target art_common_gencfg
Built target roscpp_generate_messages_cpp
[ 33%] Built target tf2_msgs_generate_messages_py
[ 33%] Built target sensor_msgs_generate_messages_cpp
[ 33%] [ 33%] Built target tf_generate_messages_py
Built target actionlib_generate_messages_cpp
[ 33%] Built target rosgraph_msgs_generate_messages_py
[ 33%] Built target actionlib_generate_messages_py
[ 33%] Built target std_msgs_generate_messages_cpp
[ 33%] Built target actionlib_generate_messages_lisp
[ 33%] [ 33%] Built target std_msgs_generate_messages_lisp
Built target std_msgs_generate_messages_py
[ 33%] Built target tf_generate_messages_cpp
[ 33%] Built target dynamic_reconfigure_gencfg
[ 33%] [ 33%] Built target actionlib_msgs_generate_messages_lisp
Built target actionlib_msgs_generate_messages_py
[ 33%] Built target dynamic_reconfigure_generate_messages_cpp
[ 33%] Built target actionlib_msgs_generate_messages_cpp
[ 33%] [ 33%] Built target geometry_msgs_generate_messages_lisp
Built target tf_generate_messages_lisp
[ 33%] Built target geometry_msgs_generate_messages_py
[ 33%] Built target rosgraph_msgs_generate_messages_lisp
[ 33%] Built target rosgraph_msgs_generate_messages_cpp
[ 33%] Built target sensor_msgs_generate_messages_lisp
[ 33%] Built target sensor_msgs_generate_messages_py
[ 33%] Built target tf2_msgs_generate_messages_cpp
[ 33%] Built target geometry_msgs_generate_messages_cpp
[ 33%] Built target roscpp_generate_messages_lisp
[ 33%] Built target roscpp_generate_messages_py
[ 33%] Built target dynamic_reconfigure_generate_messages_py
[ 33%] Built target tf2_msgs_generate_messages_lisp
[ 33%] Built target dynamic_reconfigure_generate_messages_lisp
[100%] [100%] [32mBuilding CXX object CMakeFiles/vehicle_static_tf.dir/src/vehicle_static_tf.cc.o
[32mBuilding CXX object CMakeFiles/vehicle_configurable_tf.dir/src/vehicle_configurable_tf.cc.o
[0m[0m[31m[1mLinking CXX executable /home/amogh/rosws2/devel/.private/art_common/lib/art_common/vehicle_static_tf
[0m[100%] Built target vehicle_static_tf
[31m[1mLinking CXX executable /home/amogh/rosws2/devel/.private/art_common/lib/art_common/vehicle_configurable_tf
[0m[100%] Built target vehicle_configurable_tf
