[ 33%] [ 33%] Built target geometry_msgs_generate_messages_py
[ 33%] Built target tf2_msgs_generate_messages_py
[34m[1mGenerating dynamic reconfigure files from cfg/CameraTransform.cfg: /home/amogh/rosws2/devel/.private/art_common/include/art_common/CameraTransformConfig.h /home/amogh/rosws2/devel/.private/art_common/lib/python2.7/dist-packages/art_common/cfg/CameraTransformConfig.py
[0m[ 33%] Built target tf_generate_messages_lisp
[ 33%] Built target roscpp_generate_messages_cpp
[ 33%] Built target roscpp_generate_messages_lisp
[ 33%] Built target roscpp_generate_messages_py
[ 33%] Built target actionlib_generate_messages_py
[ 33%] [ 33%] Built target sensor_msgs_generate_messages_py
Built target dynamic_reconfigure_generate_messages_lisp
[ 33%] Built target tf_generate_messages_py
[ 33%] [ 33%] Built target rosgraph_msgs_generate_messages_cpp
Built target rosgraph_msgs_generate_messages_lisp
Generating reconfiguration files for CameraTransform in art_common
[ 33%] Built target sensor_msgs_generate_messages_lisp
[ 33%] [ 33%] Built target sensor_msgs_generate_messages_cpp
Built target geometry_msgs_generate_messages_cpp
Wrote header file in /home/amogh/rosws2/devel/.private/art_common/include/art_common/CameraTransformConfig.h
[ 33%] Built target rosgraph_msgs_generate_messages_py
[ 33%] [ 33%] Built target geometry_msgs_generate_messages_lisp
Built target std_msgs_generate_messages_py
[ 33%] Built target art_common_gencfg
[ 33%] [ 33%] [ 33%] Built target std_msgs_generate_messages_cpp
Built target tf_generate_messages_cpp
Built target std_msgs_generate_messages_lisp
[ 33%] Built target actionlib_generate_messages_cpp
[ 33%] [ 33%] [ 33%] Built target actionlib_generate_messages_lisp
Built target actionlib_msgs_generate_messages_lisp
Built target dynamic_reconfigure_generate_messages_py
[ 33%] Built target actionlib_msgs_generate_messages_py
[ 33%] [ 33%] [ 33%] Built target dynamic_reconfigure_gencfg
Built target actionlib_msgs_generate_messages_cpp
Built target tf2_msgs_generate_messages_cpp
[ 33%] Built target tf2_msgs_generate_messages_lisp
[ 33%] Built target dynamic_reconfigure_generate_messages_cpp
[35m[1mScanning dependencies of target vehicle_configurable_tf
[0m[ 66%] Built target vehicle_static_tf
[100%] [32mBuilding CXX object CMakeFiles/vehicle_configurable_tf.dir/src/vehicle_configurable_tf.cc.o
[0m[31m[1mLinking CXX executable /home/amogh/rosws2/devel/.private/art_common/lib/art_common/vehicle_configurable_tf
[0m[100%] Built target vehicle_configurable_tf
