[  0%] Built target sensor_msgs_generate_messages_py
[  0%] [  0%] Built target nav_msgs_generate_messages_py
Built target geometry_msgs_generate_messages_py
[  0%] Built target std_msgs_generate_messages_py
[  0%] Built target _art_msgs_generate_messages_check_deps_ArtVehicle
[  0%] [  0%] Built target _art_msgs_generate_messages_check_deps_Gear
Built target _art_msgs_generate_messages_check_deps_ThrottleCommand
[  0%] Built target _art_msgs_generate_messages_check_deps_PilotBehavior
[  0%] Built target _art_msgs_generate_messages_check_deps_CarControl
[  0%] Built target _art_msgs_generate_messages_check_deps_SteeringDiagnostics
[  0%] Built target _art_msgs_generate_messages_check_deps_Order
[  0%] Built target _art_msgs_generate_messages_check_deps_NavigatorState
[  0%] Built target _art_msgs_generate_messages_check_deps_CarDriveStamped
[  0%] Built target _art_msgs_generate_messages_check_deps_GpsInfo
[  0%] Built target _art_msgs_generate_messages_check_deps_IOadrState
[  0%] Built target _art_msgs_generate_messages_check_deps_NavigatorCommand
[  0%] Built target _art_msgs_generate_messages_check_deps_EstopState
[  0%] Built target _art_msgs_generate_messages_check_deps_Observation
[  0%] Built target _art_msgs_generate_messages_check_deps_CarDrive
[  0%] Built target _art_msgs_generate_messages_check_deps_MapID
[  0%] Built target _art_msgs_generate_messages_check_deps_PilotState
[  0%] Built target _art_msgs_generate_messages_check_deps_BrakeState
[  0%] Built target _art_msgs_generate_messages_check_deps_ArtQuadrilateral
[  0%] Built target _art_msgs_generate_messages_check_deps_RoadState
[  0%] [  0%] Built target _art_msgs_generate_messages_check_deps_WayPoint
Built target _art_msgs_generate_messages_check_deps_Epsilon
[  0%] Built target _art_msgs_generate_messages_check_deps_Conversions
[  0%] Built target _art_msgs_generate_messages_check_deps_CarCommand
[  0%] [  0%] Built target _art_msgs_generate_messages_check_deps_Shifter
Built target _art_msgs_generate_messages_check_deps_SteeringCommand
[  0%] Built target _art_msgs_generate_messages_check_deps_SteeringState
[  0%] Built target _art_msgs_generate_messages_check_deps_ArtLanes
[  0%] [  0%] Built target _art_msgs_generate_messages_check_deps_Behavior
Built target _art_msgs_generate_messages_check_deps_ThrottleState
[  0%] [  0%] Built target _art_msgs_generate_messages_check_deps_ArtHertz
Built target _art_msgs_generate_messages_check_deps_DriverState
[  0%] [  0%] Built target _art_msgs_generate_messages_check_deps_BrakeCommand
Built target _art_msgs_generate_messages_check_deps_ObservationArray
[  0%] [  0%] Built target _art_msgs_generate_messages_check_deps_LearningCommand
Built target std_msgs_generate_messages_cpp
[  0%] Built target _art_msgs_generate_messages_check_deps_LaneMarking
[  0%] [  0%] Built target nav_msgs_generate_messages_cpp
Built target sensor_msgs_generate_messages_cpp
[  0%] Built target geometry_msgs_generate_messages_cpp
[  0%] [  0%] Built target sensor_msgs_generate_messages_lisp
Built target geometry_msgs_generate_messages_lisp
[  0%] [  0%] Built target std_msgs_generate_messages_lisp
Built target _art_msgs_generate_messages_check_deps_IOadrCommand
[  0%] Built target nav_msgs_generate_messages_lisp
[ 32%] Built target art_msgs_generate_messages_cpp
[ 67%] Built target art_msgs_generate_messages_py
[100%] Built target art_msgs_generate_messages_lisp
[100%] Built target art_msgs_generate_messages
