[35m[1mScanning dependencies of target _art_msgs_generate_messages_check_deps_ArtVehicle
[35m[1mScanning dependencies of target sensor_msgs_generate_messages_py
[35m[1mScanning dependencies of target geometry_msgs_generate_messages_py
[0m[0m[0m[  0%] [35m[1mScanning dependencies of target nav_msgs_generate_messages_py
[0mBuilt target sensor_msgs_generate_messages_py
[  0%] Built target geometry_msgs_generate_messages_py
[  0%] [35m[1mScanning dependencies of target _art_msgs_generate_messages_check_deps_Gear
[0mBuilt target nav_msgs_generate_messages_py
[35m[1mScanning dependencies of target std_msgs_generate_messages_py
[0m[35m[1mScanning dependencies of target _art_msgs_generate_messages_check_deps_ThrottleCommand
[  0%] [0mBuilt target std_msgs_generate_messages_py
[35m[1mScanning dependencies of target _art_msgs_generate_messages_check_deps_PilotBehavior
[0m[  0%] Built target _art_msgs_generate_messages_check_deps_ArtVehicle
[  0%] Built target _art_msgs_generate_messages_check_deps_Gear
[35m[1mScanning dependencies of target _art_msgs_generate_messages_check_deps_CarControl
[0m[  0%] Built target _art_msgs_generate_messages_check_deps_ThrottleCommand
[35m[1mScanning dependencies of target _art_msgs_generate_messages_check_deps_Order
[35m[1mScanning dependencies of target _art_msgs_generate_messages_check_deps_SteeringDiagnostics
[  0%] [0mBuilt target _art_msgs_generate_messages_check_deps_PilotBehavior
[0m[35m[1mScanning dependencies of target _art_msgs_generate_messages_check_deps_NavigatorState
[0m[  0%] Built target _art_msgs_generate_messages_check_deps_CarControl
[  0%] Built target _art_msgs_generate_messages_check_deps_SteeringDiagnostics
[35m[1mScanning dependencies of target _art_msgs_generate_messages_check_deps_CarDriveStamped
[0m[  0%] Built target _art_msgs_generate_messages_check_deps_Order
[  0%] [35m[1mScanning dependencies of target _art_msgs_generate_messages_check_deps_GpsInfo
Built target _art_msgs_generate_messages_check_deps_NavigatorState
[0m[35m[1mScanning dependencies of target _art_msgs_generate_messages_check_deps_IOadrState
[35m[1mScanning dependencies of target _art_msgs_generate_messages_check_deps_NavigatorCommand
[0m[0m[  0%] Built target _art_msgs_generate_messages_check_deps_CarDriveStamped
[  0%] [  0%] Built target _art_msgs_generate_messages_check_deps_NavigatorCommand
[  0%] Built target _art_msgs_generate_messages_check_deps_IOadrState
Built target _art_msgs_generate_messages_check_deps_GpsInfo
[35m[1mScanning dependencies of target _art_msgs_generate_messages_check_deps_EstopState
[0m[35m[1mScanning dependencies of target _art_msgs_generate_messages_check_deps_Observation
[0m[35m[1mScanning dependencies of target _art_msgs_generate_messages_check_deps_CarDrive
[35m[1mScanning dependencies of target _art_msgs_generate_messages_check_deps_MapID
[0m[0m[  0%] [  0%] Built target _art_msgs_generate_messages_check_deps_EstopState
Built target _art_msgs_generate_messages_check_deps_Observation
[35m[1mScanning dependencies of target _art_msgs_generate_messages_check_deps_PilotState
[35m[1mScanning dependencies of target _art_msgs_generate_messages_check_deps_BrakeState
[0m[0m[  0%] [  0%] Built target _art_msgs_generate_messages_check_deps_MapID
Built target _art_msgs_generate_messages_check_deps_CarDrive
[35m[1mScanning dependencies of target _art_msgs_generate_messages_check_deps_RoadState
[0m[35m[1mScanning dependencies of target _art_msgs_generate_messages_check_deps_ArtQuadrilateral
[0m[  0%] [  0%] Built target _art_msgs_generate_messages_check_deps_BrakeState
Built target _art_msgs_generate_messages_check_deps_PilotState
[35m[1mScanning dependencies of target _art_msgs_generate_messages_check_deps_WayPoint
[0m[35m[1mScanning dependencies of target _art_msgs_generate_messages_check_deps_Epsilon
[0m[  0%] Built target _art_msgs_generate_messages_check_deps_RoadState
[  0%] Built target _art_msgs_generate_messages_check_deps_ArtQuadrilateral
[35m[1mScanning dependencies of target _art_msgs_generate_messages_check_deps_Conversions
[0m[35m[1mScanning dependencies of target _art_msgs_generate_messages_check_deps_CarCommand
[0m[  0%] Built target _art_msgs_generate_messages_check_deps_WayPoint
[  0%] [  0%] Built target _art_msgs_generate_messages_check_deps_Epsilon
[35m[1mScanning dependencies of target _art_msgs_generate_messages_check_deps_Shifter
Built target _art_msgs_generate_messages_check_deps_Conversions
[0m[35m[1mScanning dependencies of target _art_msgs_generate_messages_check_deps_SteeringState
[0m[35m[1mScanning dependencies of target _art_msgs_generate_messages_check_deps_SteeringCommand
[0m[  0%] Built target _art_msgs_generate_messages_check_deps_CarCommand
[35m[1mScanning dependencies of target _art_msgs_generate_messages_check_deps_ArtLanes
[0m[  0%] [  0%] Built target _art_msgs_generate_messages_check_deps_Shifter
Built target _art_msgs_generate_messages_check_deps_SteeringState
[  0%] [35m[1mScanning dependencies of target _art_msgs_generate_messages_check_deps_ThrottleState
[0mBuilt target _art_msgs_generate_messages_check_deps_SteeringCommand
[35m[1mScanning dependencies of target _art_msgs_generate_messages_check_deps_Behavior
[0m[35m[1mScanning dependencies of target _art_msgs_generate_messages_check_deps_ArtHertz
[0m[  0%] Built target _art_msgs_generate_messages_check_deps_ArtLanes
[35m[1mScanning dependencies of target _art_msgs_generate_messages_check_deps_DriverState
[0m[  0%] Built target _art_msgs_generate_messages_check_deps_ThrottleState
[  0%] Built target _art_msgs_generate_messages_check_deps_Behavior
[35m[1mScanning dependencies of target _art_msgs_generate_messages_check_deps_ObservationArray
[0m[  0%] Built target _art_msgs_generate_messages_check_deps_DriverState
[  0%] [35m[1mScanning dependencies of target _art_msgs_generate_messages_check_deps_LaneMarking
[0mBuilt target _art_msgs_generate_messages_check_deps_ArtHertz
[35m[1mScanning dependencies of target _art_msgs_generate_messages_check_deps_BrakeCommand
[0m[35m[1mScanning dependencies of target _art_msgs_generate_messages_check_deps_LearningCommand
[0m[  0%] Built target _art_msgs_generate_messages_check_deps_ObservationArray
[  0%] Built target _art_msgs_generate_messages_check_deps_LaneMarking
[35m[1mScanning dependencies of target _art_msgs_generate_messages_check_deps_IOadrCommand
[0m[  0%] Built target _art_msgs_generate_messages_check_deps_LearningCommand
[35m[1mScanning dependencies of target std_msgs_generate_messages_cpp
[0m[35m[1mScanning dependencies of target sensor_msgs_generate_messages_cpp
[0m[  0%] [  0%] Built target _art_msgs_generate_messages_check_deps_BrakeCommand
Built target std_msgs_generate_messages_cpp
[  0%] [35m[1mScanning dependencies of target nav_msgs_generate_messages_cpp
[0mBuilt target sensor_msgs_generate_messages_cpp
[35m[1mScanning dependencies of target geometry_msgs_generate_messages_cpp
[0m[35m[1mScanning dependencies of target sensor_msgs_generate_messages_lisp
[0m[  0%] Built target nav_msgs_generate_messages_cpp
[  0%] Built target geometry_msgs_generate_messages_cpp
[  0%] Built target sensor_msgs_generate_messages_lisp
[  0%] [35m[1mScanning dependencies of target geometry_msgs_generate_messages_lisp
[0m[35m[1mScanning dependencies of target std_msgs_generate_messages_lisp
[0mBuilt target _art_msgs_generate_messages_check_deps_IOadrCommand
[  0%] [35m[1mScanning dependencies of target nav_msgs_generate_messages_lisp
[0m[35m[1mScanning dependencies of target art_msgs_generate_messages_py
[0mBuilt target geometry_msgs_generate_messages_lisp
[  0%] Built target std_msgs_generate_messages_lisp
[  0%] Built target nav_msgs_generate_messages_lisp
[  1%] [35m[1mScanning dependencies of target art_msgs_generate_messages_cpp
[0m[  2%] [35m[1mScanning dependencies of target art_msgs_generate_messages_lisp
[0m[  2%] [34m[1mGenerating Python from MSG art_msgs/SteeringDiagnostics
[0m[  3%] [34m[1mGenerating Python from MSG art_msgs/Gear
[0m[34m[1mGenerating C++ code from art_msgs/SteeringDiagnostics.msg
[0m[34m[1mGenerating Lisp code from art_msgs/SteeringDiagnostics.msg
[0m[  4%] [34m[1mGenerating Python from MSG art_msgs/NavigatorState
[0m[  5%] [34m[1mGenerating Python from MSG art_msgs/CarDriveStamped
[0m[  6%] [34m[1mGenerating Python from MSG art_msgs/CarControl
[0m[  7%] [34m[1mGenerating Lisp code from art_msgs/Gear.msg
[0m[  8%] [  9%] [34m[1mGenerating Python from MSG art_msgs/Order
[0m[34m[1mGenerating Lisp code from art_msgs/NavigatorState.msg
[0m[  9%] [34m[1mGenerating Lisp code from art_msgs/CarDriveStamped.msg
[0m[ 10%] [ 11%] [34m[1mGenerating Python from MSG art_msgs/Observation
[0m[34m[1mGenerating C++ code from art_msgs/Gear.msg
[0m[ 12%] [ 13%] [34m[1mGenerating Lisp code from art_msgs/CarControl.msg
[0m[34m[1mGenerating Lisp code from art_msgs/Order.msg
[0m[ 13%] [34m[1mGenerating Python from MSG art_msgs/GpsInfo
[0m[ 14%] [ 15%] [34m[1mGenerating Lisp code from art_msgs/GpsInfo.msg
[0m[34m[1mGenerating Lisp code from art_msgs/Observation.msg
[0m[ 16%] [ 17%] [34m[1mGenerating Lisp code from art_msgs/EstopState.msg
[0m[34m[1mGenerating Python from MSG art_msgs/EstopState
[0m[ 18%] [34m[1mGenerating C++ code from art_msgs/NavigatorState.msg
[0m[ 19%] [34m[1mGenerating Lisp code from art_msgs/ThrottleCommand.msg
[0m[ 20%] [34m[1mGenerating Lisp code from art_msgs/PilotBehavior.msg
[0m[ 21%] [34m[1mGenerating Python from MSG art_msgs/ThrottleCommand
[0m[ 22%] [34m[1mGenerating Python from MSG art_msgs/PilotBehavior
[0m[ 22%] [ 23%] [34m[1mGenerating Lisp code from art_msgs/LearningCommand.msg
[0m[34m[1mGenerating Lisp code from art_msgs/NavigatorCommand.msg
[0m[ 24%] [34m[1mGenerating Python from MSG art_msgs/LearningCommand
[0m[ 25%] [ 26%] [ 27%] [34m[1mGenerating C++ code from art_msgs/CarDriveStamped.msg
[0m[34m[1mGenerating Lisp code from art_msgs/CarDrive.msg
[0m[ 28%] [34m[1mGenerating Python from MSG art_msgs/NavigatorCommand
[0m[34m[1mGenerating Lisp code from art_msgs/MapID.msg
[0m[ 29%] [ 30%] [34m[1mGenerating Python from MSG art_msgs/CarDrive
[0m[34m[1mGenerating Lisp code from art_msgs/ArtVehicle.msg
[0m[ 31%] [ 32%] [34m[1mGenerating Lisp code from art_msgs/BrakeState.msg
[0m[34m[1mGenerating Lisp code from art_msgs/ArtHertz.msg
[0m[ 33%] [34m[1mGenerating Python from MSG art_msgs/MapID
[0m[ 34%] [34m[1mGenerating C++ code from art_msgs/CarControl.msg
[0m[ 35%] [ 36%] [34m[1mGenerating Lisp code from art_msgs/CarCommand.msg
[0m[34m[1mGenerating Lisp code from art_msgs/WayPoint.msg
[0m[ 36%] [ 36%] [34m[1mGenerating Lisp code from art_msgs/RoadState.msg
[0m[34m[1mGenerating Python from MSG art_msgs/ArtVehicle
[0m[ 37%] [34m[1mGenerating Lisp code from art_msgs/Conversions.msg
[0m[ 38%] [ 39%] [34m[1mGenerating Lisp code from art_msgs/Epsilon.msg
[0m[34m[1mGenerating Python from MSG art_msgs/BrakeState
[0m[ 40%] [ 41%] [34m[1mGenerating C++ code from art_msgs/Order.msg
[0m[34m[1mGenerating Lisp code from art_msgs/Shifter.msg
[0m[ 42%] [34m[1mGenerating Lisp code from art_msgs/SteeringCommand.msg
[0m[ 43%] [34m[1mGenerating Python from MSG art_msgs/ArtHertz
[0m[ 44%] [34m[1mGenerating Python from MSG art_msgs/WayPoint
[0m[ 45%] [ 46%] [34m[1mGenerating Python from MSG art_msgs/CarCommand
[0m[34m[1mGenerating Lisp code from art_msgs/SteeringState.msg
[0m[ 47%] [ 48%] [34m[1mGenerating Python from MSG art_msgs/RoadState
[0m[ 50%] [34m[1mGenerating Python from MSG art_msgs/Conversions
[0m[ 51%] [34m[1mGenerating C++ code from art_msgs/Observation.msg
[0m[34m[1mGenerating Lisp code from art_msgs/ArtLanes.msg
[0m[ 52%] [34m[1mGenerating Python from MSG art_msgs/Epsilon
[0m[ 53%] [34m[1mGenerating Lisp code from art_msgs/Behavior.msg
[0m[ 53%] [ 53%] [34m[1mGenerating Lisp code from art_msgs/ThrottleState.msg
[0m[34m[1mGenerating Python from MSG art_msgs/Shifter
[0m[ 54%] [ 55%] [34m[1mGenerating Lisp code from art_msgs/ArtQuadrilateral.msg
[0m[34m[1mGenerating Lisp code from art_msgs/DriverState.msg
[0m[ 56%] [ 57%] [34m[1mGenerating Python from MSG art_msgs/SteeringCommand
[0m[34m[1mGenerating C++ code from art_msgs/GpsInfo.msg
[0m[ 57%] [ 58%] [ 59%] [34m[1mGenerating C++ code from art_msgs/EstopState.msg
[0m[34m[1mGenerating Lisp code from art_msgs/ObservationArray.msg
[0m[34m[1mGenerating Python from MSG art_msgs/SteeringState
[0m[ 60%] [34m[1mGenerating Python from MSG art_msgs/ArtLanes
[0m[ 61%] [34m[1mGenerating Lisp code from art_msgs/BrakeCommand.msg
[0m[ 62%] [34m[1mGenerating Python from MSG art_msgs/Behavior
[0m[ 63%] [ 64%] [34m[1mGenerating C++ code from art_msgs/ThrottleCommand.msg
[0m[34m[1mGenerating Lisp code from art_msgs/LaneMarking.msg
[0m[ 65%] [34m[1mGenerating Python from MSG art_msgs/ThrottleState
[0m[ 66%] [34m[1mGenerating C++ code from art_msgs/PilotBehavior.msg
[0m[ 68%] [ 68%] [34m[1mGenerating Python from MSG art_msgs/ArtQuadrilateral
[34m[1mGenerating Lisp code from art_msgs/IOadrState.msg
[0m[0m[ 69%] [34m[1mGenerating Python from MSG art_msgs/DriverState
[0m[ 70%] [34m[1mGenerating Lisp code from art_msgs/IOadrCommand.msg
[0m[ 70%] [34m[1mGenerating Python from MSG art_msgs/ObservationArray
[0m[ 70%] [34m[1mGenerating Lisp code from art_msgs/PilotState.msg
[0m[ 71%] [34m[1mGenerating Python from MSG art_msgs/BrakeCommand
[0m[ 72%] [34m[1mGenerating C++ code from art_msgs/LearningCommand.msg
[0m[ 73%] [34m[1mGenerating Python from MSG art_msgs/LaneMarking
[0m[ 73%] Built target art_msgs_generate_messages_lisp
[ 74%] [ 75%] [34m[1mGenerating C++ code from art_msgs/NavigatorCommand.msg
[0m[34m[1mGenerating C++ code from art_msgs/CarDrive.msg
[0m[ 76%] [34m[1mGenerating Python from MSG art_msgs/IOadrState
[0m[ 77%] [34m[1mGenerating Python from MSG art_msgs/IOadrCommand
[0m[ 78%] [34m[1mGenerating Python from MSG art_msgs/PilotState
[0m[ 79%] [34m[1mGenerating C++ code from art_msgs/MapID.msg
[0m[ 80%] [34m[1mGenerating C++ code from art_msgs/ArtVehicle.msg
[ 80%] [0m[34m[1mGenerating C++ code from art_msgs/BrakeState.msg
[0m[ 81%] [34m[1mGenerating Python msg __init__.py for art_msgs
[0m[ 81%] Built target art_msgs_generate_messages_py
[ 82%] [34m[1mGenerating C++ code from art_msgs/ArtHertz.msg
[0m[ 83%] [34m[1mGenerating C++ code from art_msgs/WayPoint.msg
[0m[ 84%] [34m[1mGenerating C++ code from art_msgs/CarCommand.msg
[0m[ 85%] [34m[1mGenerating C++ code from art_msgs/RoadState.msg
[0m[ 86%] [34m[1mGenerating C++ code from art_msgs/Conversions.msg
[0m[ 87%] [34m[1mGenerating C++ code from art_msgs/Epsilon.msg
[0m[ 88%] [34m[1mGenerating C++ code from art_msgs/Shifter.msg
[0m[ 88%] [34m[1mGenerating C++ code from art_msgs/SteeringCommand.msg
[0m[ 89%] [34m[1mGenerating C++ code from art_msgs/SteeringState.msg
[0m[ 90%] [34m[1mGenerating C++ code from art_msgs/ArtLanes.msg
[0m[ 91%] [34m[1mGenerating C++ code from art_msgs/Behavior.msg
[0m[ 92%] [34m[1mGenerating C++ code from art_msgs/ThrottleState.msg
[0m[ 93%] [34m[1mGenerating C++ code from art_msgs/ArtQuadrilateral.msg
[0m[ 94%] [34m[1mGenerating C++ code from art_msgs/DriverState.msg
[0m[ 95%] [34m[1mGenerating C++ code from art_msgs/ObservationArray.msg
[0m[ 95%] [34m[1mGenerating C++ code from art_msgs/BrakeCommand.msg
[0m[ 96%] [34m[1mGenerating C++ code from art_msgs/LaneMarking.msg
[0m[ 97%] [34m[1mGenerating C++ code from art_msgs/IOadrState.msg
[0m[ 98%] [34m[1mGenerating C++ code from art_msgs/IOadrCommand.msg
[0m[100%] [34m[1mGenerating C++ code from art_msgs/PilotState.msg
[0m[100%] Built target art_msgs_generate_messages_cpp
[35m[1mScanning dependencies of target art_msgs_generate_messages
[0m[100%] Built target art_msgs_generate_messages
