Symlinking /home/amogh/rosws2/devel/lib/python2.7/dist-packages/art_msgs/__init__.py
Symlinking /home/amogh/rosws2/devel/lib/python2.7/dist-packages/art_msgs/msg/_Order.py
Symlinking /home/amogh/rosws2/devel/lib/python2.7/dist-packages/art_msgs/msg/_LearningCommand.py
Symlinking /home/amogh/rosws2/devel/lib/python2.7/dist-packages/art_msgs/msg/_CarDrive.py
Symlinking /home/amogh/rosws2/devel/lib/python2.7/dist-packages/art_msgs/msg/_ThrottleCommand.py
Symlinking /home/amogh/rosws2/devel/lib/python2.7/dist-packages/art_msgs/msg/_BrakeState.py
Symlinking /home/amogh/rosws2/devel/lib/python2.7/dist-packages/art_msgs/msg/_ArtVehicle.py
Symlinking /home/amogh/rosws2/devel/lib/python2.7/dist-packages/art_msgs/msg/_SteeringState.py
Symlinking /home/amogh/rosws2/devel/lib/python2.7/dist-packages/art_msgs/msg/_SteeringCommand.py
Symlinking /home/amogh/rosws2/devel/lib/python2.7/dist-packages/art_msgs/msg/_NavigatorCommand.py
Symlinking /home/amogh/rosws2/devel/lib/python2.7/dist-packages/art_msgs/msg/_EstopState.py
Symlinking /home/amogh/rosws2/devel/lib/python2.7/dist-packages/art_msgs/msg/_IOadrState.py
Symlinking /home/amogh/rosws2/devel/lib/python2.7/dist-packages/art_msgs/msg/_SteeringDiagnostics.py
Symlinking /home/amogh/rosws2/devel/lib/python2.7/dist-packages/art_msgs/msg/_Epsilon.py
Symlinking /home/amogh/rosws2/devel/lib/python2.7/dist-packages/art_msgs/msg/_ObservationArray.py
Symlinking /home/amogh/rosws2/devel/lib/python2.7/dist-packages/art_msgs/msg/_BrakeCommand.py
Symlinking /home/amogh/rosws2/devel/lib/python2.7/dist-packages/art_msgs/msg/_GpsInfo.py
Symlinking /home/amogh/rosws2/devel/lib/python2.7/dist-packages/art_msgs/msg/_CarCommand.py
Symlinking /home/amogh/rosws2/devel/lib/python2.7/dist-packages/art_msgs/msg/_CarControl.py
Symlinking /home/amogh/rosws2/devel/lib/python2.7/dist-packages/art_msgs/msg/_NavigatorState.py
Symlinking /home/amogh/rosws2/devel/lib/python2.7/dist-packages/art_msgs/msg/__init__.py
Symlinking /home/amogh/rosws2/devel/lib/python2.7/dist-packages/art_msgs/msg/_ArtQuadrilateral.py
Symlinking /home/amogh/rosws2/devel/lib/python2.7/dist-packages/art_msgs/msg/_Gear.py
Symlinking /home/amogh/rosws2/devel/lib/python2.7/dist-packages/art_msgs/msg/_WayPoint.py
Symlinking /home/amogh/rosws2/devel/lib/python2.7/dist-packages/art_msgs/msg/_ArtHertz.py
Symlinking /home/amogh/rosws2/devel/lib/python2.7/dist-packages/art_msgs/msg/_ThrottleState.py
Symlinking /home/amogh/rosws2/devel/lib/python2.7/dist-packages/art_msgs/msg/_Observation.py
Symlinking /home/amogh/rosws2/devel/lib/python2.7/dist-packages/art_msgs/msg/_DriverState.py
Symlinking /home/amogh/rosws2/devel/lib/python2.7/dist-packages/art_msgs/msg/_LaneMarking.py
Symlinking /home/amogh/rosws2/devel/lib/python2.7/dist-packages/art_msgs/msg/_PilotBehavior.py
Symlinking /home/amogh/rosws2/devel/lib/python2.7/dist-packages/art_msgs/msg/_ArtLanes.py
Symlinking /home/amogh/rosws2/devel/lib/python2.7/dist-packages/art_msgs/msg/_CarDriveStamped.py
Symlinking /home/amogh/rosws2/devel/lib/python2.7/dist-packages/art_msgs/msg/_Shifter.py
Symlinking /home/amogh/rosws2/devel/lib/python2.7/dist-packages/art_msgs/msg/_Conversions.py
Symlinking /home/amogh/rosws2/devel/lib/python2.7/dist-packages/art_msgs/msg/_PilotState.py
Symlinking /home/amogh/rosws2/devel/lib/python2.7/dist-packages/art_msgs/msg/_RoadState.py
Symlinking /home/amogh/rosws2/devel/lib/python2.7/dist-packages/art_msgs/msg/_IOadrCommand.py
Symlinking /home/amogh/rosws2/devel/lib/python2.7/dist-packages/art_msgs/msg/_Behavior.py
Symlinking /home/amogh/rosws2/devel/lib/python2.7/dist-packages/art_msgs/msg/_MapID.py
Symlinking /home/amogh/rosws2/devel/include/art_msgs/Gear.h
Symlinking /home/amogh/rosws2/devel/include/art_msgs/Shifter.h
Symlinking /home/amogh/rosws2/devel/include/art_msgs/LaneMarking.h
Symlinking /home/amogh/rosws2/devel/include/art_msgs/CarCommand.h
Symlinking /home/amogh/rosws2/devel/include/art_msgs/CarControl.h
Symlinking /home/amogh/rosws2/devel/include/art_msgs/Order.h
Symlinking /home/amogh/rosws2/devel/include/art_msgs/CarDriveStamped.h
Symlinking /home/amogh/rosws2/devel/include/art_msgs/Epsilon.h
Symlinking /home/amogh/rosws2/devel/include/art_msgs/IOadrCommand.h
Symlinking /home/amogh/rosws2/devel/include/art_msgs/NavigatorState.h
Symlinking /home/amogh/rosws2/devel/include/art_msgs/RoadState.h
Symlinking /home/amogh/rosws2/devel/include/art_msgs/PilotState.h
Symlinking /home/amogh/rosws2/devel/include/art_msgs/ArtQuadrilateral.h
Symlinking /home/amogh/rosws2/devel/include/art_msgs/BrakeCommand.h
Symlinking /home/amogh/rosws2/devel/include/art_msgs/ArtLanes.h
Symlinking /home/amogh/rosws2/devel/include/art_msgs/WayPoint.h
Symlinking /home/amogh/rosws2/devel/include/art_msgs/EstopState.h
Symlinking /home/amogh/rosws2/devel/include/art_msgs/Conversions.h
Symlinking /home/amogh/rosws2/devel/include/art_msgs/GpsInfo.h
Symlinking /home/amogh/rosws2/devel/include/art_msgs/LearningCommand.h
Symlinking /home/amogh/rosws2/devel/include/art_msgs/ThrottleCommand.h
Symlinking /home/amogh/rosws2/devel/include/art_msgs/SteeringCommand.h
Symlinking /home/amogh/rosws2/devel/include/art_msgs/Observation.h
Symlinking /home/amogh/rosws2/devel/include/art_msgs/BrakeState.h
Symlinking /home/amogh/rosws2/devel/include/art_msgs/ObservationArray.h
Symlinking /home/amogh/rosws2/devel/include/art_msgs/DriverState.h
Symlinking /home/amogh/rosws2/devel/include/art_msgs/SteeringDiagnostics.h
Symlinking /home/amogh/rosws2/devel/include/art_msgs/ArtVehicle.h
Symlinking /home/amogh/rosws2/devel/include/art_msgs/ArtHertz.h
Symlinking /home/amogh/rosws2/devel/include/art_msgs/MapID.h
Symlinking /home/amogh/rosws2/devel/include/art_msgs/IOadrState.h
Symlinking /home/amogh/rosws2/devel/include/art_msgs/ThrottleState.h
Symlinking /home/amogh/rosws2/devel/include/art_msgs/Behavior.h
Symlinking /home/amogh/rosws2/devel/include/art_msgs/NavigatorCommand.h
Symlinking /home/amogh/rosws2/devel/include/art_msgs/CarDrive.h
Symlinking /home/amogh/rosws2/devel/include/art_msgs/PilotBehavior.h
Symlinking /home/amogh/rosws2/devel/include/art_msgs/SteeringState.h
Symlinking /home/amogh/rosws2/devel/share/common-lisp/ros/art_msgs/msg/_package_WayPoint.lisp
Symlinking /home/amogh/rosws2/devel/share/common-lisp/ros/art_msgs/msg/LaneMarking.lisp
Symlinking /home/amogh/rosws2/devel/share/common-lisp/ros/art_msgs/msg/_package_CarControl.lisp
Symlinking /home/amogh/rosws2/devel/share/common-lisp/ros/art_msgs/msg/_package_IOadrCommand.lisp
Symlinking /home/amogh/rosws2/devel/share/common-lisp/ros/art_msgs/msg/_package_CarDriveStamped.lisp
Symlinking /home/amogh/rosws2/devel/share/common-lisp/ros/art_msgs/msg/ObservationArray.lisp
Symlinking /home/amogh/rosws2/devel/share/common-lisp/ros/art_msgs/msg/_package_ObservationArray.lisp
Symlinking /home/amogh/rosws2/devel/share/common-lisp/ros/art_msgs/msg/_package_Order.lisp
Symlinking /home/amogh/rosws2/devel/share/common-lisp/ros/art_msgs/msg/SteeringCommand.lisp
Symlinking /home/amogh/rosws2/devel/share/common-lisp/ros/art_msgs/msg/_package_SteeringDiagnostics.lisp
Symlinking /home/amogh/rosws2/devel/share/common-lisp/ros/art_msgs/msg/Behavior.lisp
Symlinking /home/amogh/rosws2/devel/share/common-lisp/ros/art_msgs/msg/ThrottleState.lisp
Symlinking /home/amogh/rosws2/devel/share/common-lisp/ros/art_msgs/msg/art_msgs-msg.asd
Symlinking /home/amogh/rosws2/devel/share/common-lisp/ros/art_msgs/msg/_package_LearningCommand.lisp
Symlinking /home/amogh/rosws2/devel/share/common-lisp/ros/art_msgs/msg/_package.lisp
Symlinking /home/amogh/rosws2/devel/share/common-lisp/ros/art_msgs/msg/_package_RoadState.lisp
Symlinking /home/amogh/rosws2/devel/share/common-lisp/ros/art_msgs/msg/_package_Shifter.lisp
Symlinking /home/amogh/rosws2/devel/share/common-lisp/ros/art_msgs/msg/PilotState.lisp
Symlinking /home/amogh/rosws2/devel/share/common-lisp/ros/art_msgs/msg/_package_Behavior.lisp
Symlinking /home/amogh/rosws2/devel/share/common-lisp/ros/art_msgs/msg/_package_ThrottleCommand.lisp
Symlinking /home/amogh/rosws2/devel/share/common-lisp/ros/art_msgs/msg/_package_CarCommand.lisp
Symlinking /home/amogh/rosws2/devel/share/common-lisp/ros/art_msgs/msg/_package_PilotState.lisp
Symlinking /home/amogh/rosws2/devel/share/common-lisp/ros/art_msgs/msg/ArtQuadrilateral.lisp
Symlinking /home/amogh/rosws2/devel/share/common-lisp/ros/art_msgs/msg/ArtHertz.lisp
Symlinking /home/amogh/rosws2/devel/share/common-lisp/ros/art_msgs/msg/Conversions.lisp
Symlinking /home/amogh/rosws2/devel/share/common-lisp/ros/art_msgs/msg/_package_NavigatorCommand.lisp
Symlinking /home/amogh/rosws2/devel/share/common-lisp/ros/art_msgs/msg/_package_EstopState.lisp
Symlinking /home/amogh/rosws2/devel/share/common-lisp/ros/art_msgs/msg/_package_ArtHertz.lisp
Symlinking /home/amogh/rosws2/devel/share/common-lisp/ros/art_msgs/msg/_package_ThrottleState.lisp
Symlinking /home/amogh/rosws2/devel/share/common-lisp/ros/art_msgs/msg/_package_Epsilon.lisp
Symlinking /home/amogh/rosws2/devel/share/common-lisp/ros/art_msgs/msg/ThrottleCommand.lisp
Symlinking /home/amogh/rosws2/devel/share/common-lisp/ros/art_msgs/msg/_package_DriverState.lisp
Symlinking /home/amogh/rosws2/devel/share/common-lisp/ros/art_msgs/msg/PilotBehavior.lisp
Symlinking /home/amogh/rosws2/devel/share/common-lisp/ros/art_msgs/msg/Observation.lisp
Symlinking /home/amogh/rosws2/devel/share/common-lisp/ros/art_msgs/msg/SteeringDiagnostics.lisp
Symlinking /home/amogh/rosws2/devel/share/common-lisp/ros/art_msgs/msg/WayPoint.lisp
Symlinking /home/amogh/rosws2/devel/share/common-lisp/ros/art_msgs/msg/_package_BrakeCommand.lisp
Symlinking /home/amogh/rosws2/devel/share/common-lisp/ros/art_msgs/msg/NavigatorCommand.lisp
Symlinking /home/amogh/rosws2/devel/share/common-lisp/ros/art_msgs/msg/ArtVehicle.lisp
Symlinking /home/amogh/rosws2/devel/share/common-lisp/ros/art_msgs/msg/_package_NavigatorState.lisp
Symlinking /home/amogh/rosws2/devel/share/common-lisp/ros/art_msgs/msg/IOadrState.lisp
Symlinking /home/amogh/rosws2/devel/share/common-lisp/ros/art_msgs/msg/_package_SteeringState.lisp
Symlinking /home/amogh/rosws2/devel/share/common-lisp/ros/art_msgs/msg/CarDrive.lisp
Symlinking /home/amogh/rosws2/devel/share/common-lisp/ros/art_msgs/msg/LearningCommand.lisp
Symlinking /home/amogh/rosws2/devel/share/common-lisp/ros/art_msgs/msg/DriverState.lisp
Symlinking /home/amogh/rosws2/devel/share/common-lisp/ros/art_msgs/msg/BrakeCommand.lisp
Symlinking /home/amogh/rosws2/devel/share/common-lisp/ros/art_msgs/msg/_package_Conversions.lisp
Symlinking /home/amogh/rosws2/devel/share/common-lisp/ros/art_msgs/msg/Order.lisp
Symlinking /home/amogh/rosws2/devel/share/common-lisp/ros/art_msgs/msg/_package_BrakeState.lisp
Symlinking /home/amogh/rosws2/devel/share/common-lisp/ros/art_msgs/msg/CarDriveStamped.lisp
Symlinking /home/amogh/rosws2/devel/share/common-lisp/ros/art_msgs/msg/BrakeState.lisp
Symlinking /home/amogh/rosws2/devel/share/common-lisp/ros/art_msgs/msg/CarControl.lisp
Symlinking /home/amogh/rosws2/devel/share/common-lisp/ros/art_msgs/msg/_package_CarDrive.lisp
Symlinking /home/amogh/rosws2/devel/share/common-lisp/ros/art_msgs/msg/RoadState.lisp
Symlinking /home/amogh/rosws2/devel/share/common-lisp/ros/art_msgs/msg/ArtLanes.lisp
Symlinking /home/amogh/rosws2/devel/share/common-lisp/ros/art_msgs/msg/_package_LaneMarking.lisp
Symlinking /home/amogh/rosws2/devel/share/common-lisp/ros/art_msgs/msg/NavigatorState.lisp
Symlinking /home/amogh/rosws2/devel/share/common-lisp/ros/art_msgs/msg/_package_Gear.lisp
Symlinking /home/amogh/rosws2/devel/share/common-lisp/ros/art_msgs/msg/CarCommand.lisp
Symlinking /home/amogh/rosws2/devel/share/common-lisp/ros/art_msgs/msg/Epsilon.lisp
Symlinking /home/amogh/rosws2/devel/share/common-lisp/ros/art_msgs/msg/_package_ArtVehicle.lisp
Symlinking /home/amogh/rosws2/devel/share/common-lisp/ros/art_msgs/msg/SteeringState.lisp
Symlinking /home/amogh/rosws2/devel/share/common-lisp/ros/art_msgs/msg/_package_SteeringCommand.lisp
Symlinking /home/amogh/rosws2/devel/share/common-lisp/ros/art_msgs/msg/GpsInfo.lisp
Symlinking /home/amogh/rosws2/devel/share/common-lisp/ros/art_msgs/msg/MapID.lisp
Symlinking /home/amogh/rosws2/devel/share/common-lisp/ros/art_msgs/msg/_package_ArtQuadrilateral.lisp
Symlinking /home/amogh/rosws2/devel/share/common-lisp/ros/art_msgs/msg/_package_Observation.lisp
Symlinking /home/amogh/rosws2/devel/share/common-lisp/ros/art_msgs/msg/IOadrCommand.lisp
Symlinking /home/amogh/rosws2/devel/share/common-lisp/ros/art_msgs/msg/_package_MapID.lisp
Symlinking /home/amogh/rosws2/devel/share/common-lisp/ros/art_msgs/msg/Shifter.lisp
Symlinking /home/amogh/rosws2/devel/share/common-lisp/ros/art_msgs/msg/_package_IOadrState.lisp
Symlinking /home/amogh/rosws2/devel/share/common-lisp/ros/art_msgs/msg/Gear.lisp
Symlinking /home/amogh/rosws2/devel/share/common-lisp/ros/art_msgs/msg/_package_ArtLanes.lisp
Symlinking /home/amogh/rosws2/devel/share/common-lisp/ros/art_msgs/msg/_package_GpsInfo.lisp
Symlinking /home/amogh/rosws2/devel/share/common-lisp/ros/art_msgs/msg/EstopState.lisp
Symlinking /home/amogh/rosws2/devel/share/common-lisp/ros/art_msgs/msg/_package_PilotBehavior.lisp
Symlinking /home/amogh/rosws2/devel/share/art_msgs/cmake/art_msgs-msg-paths.cmake
