Linked: (/home/amogh/rosws2/devel/.private/art_msgs/lib/python2.7/dist-packages/art_msgs/__init__.py, /home/amogh/rosws2/devel/lib/python2.7/dist-packages/art_msgs/__init__.py)
Linked: (/home/amogh/rosws2/devel/.private/art_msgs/lib/python2.7/dist-packages/art_msgs/msg/_Order.py, /home/amogh/rosws2/devel/lib/python2.7/dist-packages/art_msgs/msg/_Order.py)
Linked: (/home/amogh/rosws2/devel/.private/art_msgs/lib/python2.7/dist-packages/art_msgs/msg/_LearningCommand.py, /home/amogh/rosws2/devel/lib/python2.7/dist-packages/art_msgs/msg/_LearningCommand.py)
Linked: (/home/amogh/rosws2/devel/.private/art_msgs/lib/python2.7/dist-packages/art_msgs/msg/_CarDrive.py, /home/amogh/rosws2/devel/lib/python2.7/dist-packages/art_msgs/msg/_CarDrive.py)
Linked: (/home/amogh/rosws2/devel/.private/art_msgs/lib/python2.7/dist-packages/art_msgs/msg/_ThrottleCommand.py, /home/amogh/rosws2/devel/lib/python2.7/dist-packages/art_msgs/msg/_ThrottleCommand.py)
Linked: (/home/amogh/rosws2/devel/.private/art_msgs/lib/python2.7/dist-packages/art_msgs/msg/_BrakeState.py, /home/amogh/rosws2/devel/lib/python2.7/dist-packages/art_msgs/msg/_BrakeState.py)
Linked: (/home/amogh/rosws2/devel/.private/art_msgs/lib/python2.7/dist-packages/art_msgs/msg/_ArtVehicle.py, /home/amogh/rosws2/devel/lib/python2.7/dist-packages/art_msgs/msg/_ArtVehicle.py)
Linked: (/home/amogh/rosws2/devel/.private/art_msgs/lib/python2.7/dist-packages/art_msgs/msg/_SteeringState.py, /home/amogh/rosws2/devel/lib/python2.7/dist-packages/art_msgs/msg/_SteeringState.py)
Linked: (/home/amogh/rosws2/devel/.private/art_msgs/lib/python2.7/dist-packages/art_msgs/msg/_SteeringCommand.py, /home/amogh/rosws2/devel/lib/python2.7/dist-packages/art_msgs/msg/_SteeringCommand.py)
Linked: (/home/amogh/rosws2/devel/.private/art_msgs/lib/python2.7/dist-packages/art_msgs/msg/_NavigatorCommand.py, /home/amogh/rosws2/devel/lib/python2.7/dist-packages/art_msgs/msg/_NavigatorCommand.py)
Linked: (/home/amogh/rosws2/devel/.private/art_msgs/lib/python2.7/dist-packages/art_msgs/msg/_EstopState.py, /home/amogh/rosws2/devel/lib/python2.7/dist-packages/art_msgs/msg/_EstopState.py)
Linked: (/home/amogh/rosws2/devel/.private/art_msgs/lib/python2.7/dist-packages/art_msgs/msg/_IOadrState.py, /home/amogh/rosws2/devel/lib/python2.7/dist-packages/art_msgs/msg/_IOadrState.py)
Linked: (/home/amogh/rosws2/devel/.private/art_msgs/lib/python2.7/dist-packages/art_msgs/msg/_SteeringDiagnostics.py, /home/amogh/rosws2/devel/lib/python2.7/dist-packages/art_msgs/msg/_SteeringDiagnostics.py)
Linked: (/home/amogh/rosws2/devel/.private/art_msgs/lib/python2.7/dist-packages/art_msgs/msg/_Epsilon.py, /home/amogh/rosws2/devel/lib/python2.7/dist-packages/art_msgs/msg/_Epsilon.py)
Linked: (/home/amogh/rosws2/devel/.private/art_msgs/lib/python2.7/dist-packages/art_msgs/msg/_ObservationArray.py, /home/amogh/rosws2/devel/lib/python2.7/dist-packages/art_msgs/msg/_ObservationArray.py)
Linked: (/home/amogh/rosws2/devel/.private/art_msgs/lib/python2.7/dist-packages/art_msgs/msg/_BrakeCommand.py, /home/amogh/rosws2/devel/lib/python2.7/dist-packages/art_msgs/msg/_BrakeCommand.py)
Linked: (/home/amogh/rosws2/devel/.private/art_msgs/lib/python2.7/dist-packages/art_msgs/msg/_GpsInfo.py, /home/amogh/rosws2/devel/lib/python2.7/dist-packages/art_msgs/msg/_GpsInfo.py)
Linked: (/home/amogh/rosws2/devel/.private/art_msgs/lib/python2.7/dist-packages/art_msgs/msg/_CarCommand.py, /home/amogh/rosws2/devel/lib/python2.7/dist-packages/art_msgs/msg/_CarCommand.py)
Linked: (/home/amogh/rosws2/devel/.private/art_msgs/lib/python2.7/dist-packages/art_msgs/msg/_CarControl.py, /home/amogh/rosws2/devel/lib/python2.7/dist-packages/art_msgs/msg/_CarControl.py)
Linked: (/home/amogh/rosws2/devel/.private/art_msgs/lib/python2.7/dist-packages/art_msgs/msg/_NavigatorState.py, /home/amogh/rosws2/devel/lib/python2.7/dist-packages/art_msgs/msg/_NavigatorState.py)
Linked: (/home/amogh/rosws2/devel/.private/art_msgs/lib/python2.7/dist-packages/art_msgs/msg/__init__.py, /home/amogh/rosws2/devel/lib/python2.7/dist-packages/art_msgs/msg/__init__.py)
Linked: (/home/amogh/rosws2/devel/.private/art_msgs/lib/python2.7/dist-packages/art_msgs/msg/_ArtQuadrilateral.py, /home/amogh/rosws2/devel/lib/python2.7/dist-packages/art_msgs/msg/_ArtQuadrilateral.py)
Linked: (/home/amogh/rosws2/devel/.private/art_msgs/lib/python2.7/dist-packages/art_msgs/msg/_Gear.py, /home/amogh/rosws2/devel/lib/python2.7/dist-packages/art_msgs/msg/_Gear.py)
Linked: (/home/amogh/rosws2/devel/.private/art_msgs/lib/python2.7/dist-packages/art_msgs/msg/_WayPoint.py, /home/amogh/rosws2/devel/lib/python2.7/dist-packages/art_msgs/msg/_WayPoint.py)
Linked: (/home/amogh/rosws2/devel/.private/art_msgs/lib/python2.7/dist-packages/art_msgs/msg/_ArtHertz.py, /home/amogh/rosws2/devel/lib/python2.7/dist-packages/art_msgs/msg/_ArtHertz.py)
Linked: (/home/amogh/rosws2/devel/.private/art_msgs/lib/python2.7/dist-packages/art_msgs/msg/_ThrottleState.py, /home/amogh/rosws2/devel/lib/python2.7/dist-packages/art_msgs/msg/_ThrottleState.py)
Linked: (/home/amogh/rosws2/devel/.private/art_msgs/lib/python2.7/dist-packages/art_msgs/msg/_Observation.py, /home/amogh/rosws2/devel/lib/python2.7/dist-packages/art_msgs/msg/_Observation.py)
Linked: (/home/amogh/rosws2/devel/.private/art_msgs/lib/python2.7/dist-packages/art_msgs/msg/_DriverState.py, /home/amogh/rosws2/devel/lib/python2.7/dist-packages/art_msgs/msg/_DriverState.py)
Linked: (/home/amogh/rosws2/devel/.private/art_msgs/lib/python2.7/dist-packages/art_msgs/msg/_LaneMarking.py, /home/amogh/rosws2/devel/lib/python2.7/dist-packages/art_msgs/msg/_LaneMarking.py)
Linked: (/home/amogh/rosws2/devel/.private/art_msgs/lib/python2.7/dist-packages/art_msgs/msg/_PilotBehavior.py, /home/amogh/rosws2/devel/lib/python2.7/dist-packages/art_msgs/msg/_PilotBehavior.py)
Linked: (/home/amogh/rosws2/devel/.private/art_msgs/lib/python2.7/dist-packages/art_msgs/msg/_ArtLanes.py, /home/amogh/rosws2/devel/lib/python2.7/dist-packages/art_msgs/msg/_ArtLanes.py)
Linked: (/home/amogh/rosws2/devel/.private/art_msgs/lib/python2.7/dist-packages/art_msgs/msg/_CarDriveStamped.py, /home/amogh/rosws2/devel/lib/python2.7/dist-packages/art_msgs/msg/_CarDriveStamped.py)
Linked: (/home/amogh/rosws2/devel/.private/art_msgs/lib/python2.7/dist-packages/art_msgs/msg/_Shifter.py, /home/amogh/rosws2/devel/lib/python2.7/dist-packages/art_msgs/msg/_Shifter.py)
Linked: (/home/amogh/rosws2/devel/.private/art_msgs/lib/python2.7/dist-packages/art_msgs/msg/_Conversions.py, /home/amogh/rosws2/devel/lib/python2.7/dist-packages/art_msgs/msg/_Conversions.py)
Linked: (/home/amogh/rosws2/devel/.private/art_msgs/lib/python2.7/dist-packages/art_msgs/msg/_PilotState.py, /home/amogh/rosws2/devel/lib/python2.7/dist-packages/art_msgs/msg/_PilotState.py)
Linked: (/home/amogh/rosws2/devel/.private/art_msgs/lib/python2.7/dist-packages/art_msgs/msg/_RoadState.py, /home/amogh/rosws2/devel/lib/python2.7/dist-packages/art_msgs/msg/_RoadState.py)
Linked: (/home/amogh/rosws2/devel/.private/art_msgs/lib/python2.7/dist-packages/art_msgs/msg/_IOadrCommand.py, /home/amogh/rosws2/devel/lib/python2.7/dist-packages/art_msgs/msg/_IOadrCommand.py)
Linked: (/home/amogh/rosws2/devel/.private/art_msgs/lib/python2.7/dist-packages/art_msgs/msg/_Behavior.py, /home/amogh/rosws2/devel/lib/python2.7/dist-packages/art_msgs/msg/_Behavior.py)
Linked: (/home/amogh/rosws2/devel/.private/art_msgs/lib/python2.7/dist-packages/art_msgs/msg/_MapID.py, /home/amogh/rosws2/devel/lib/python2.7/dist-packages/art_msgs/msg/_MapID.py)
Linked: (/home/amogh/rosws2/devel/.private/art_msgs/include/art_msgs/Gear.h, /home/amogh/rosws2/devel/include/art_msgs/Gear.h)
Linked: (/home/amogh/rosws2/devel/.private/art_msgs/include/art_msgs/Shifter.h, /home/amogh/rosws2/devel/include/art_msgs/Shifter.h)
Linked: (/home/amogh/rosws2/devel/.private/art_msgs/include/art_msgs/LaneMarking.h, /home/amogh/rosws2/devel/include/art_msgs/LaneMarking.h)
Linked: (/home/amogh/rosws2/devel/.private/art_msgs/include/art_msgs/CarCommand.h, /home/amogh/rosws2/devel/include/art_msgs/CarCommand.h)
Linked: (/home/amogh/rosws2/devel/.private/art_msgs/include/art_msgs/CarControl.h, /home/amogh/rosws2/devel/include/art_msgs/CarControl.h)
Linked: (/home/amogh/rosws2/devel/.private/art_msgs/include/art_msgs/Order.h, /home/amogh/rosws2/devel/include/art_msgs/Order.h)
Linked: (/home/amogh/rosws2/devel/.private/art_msgs/include/art_msgs/CarDriveStamped.h, /home/amogh/rosws2/devel/include/art_msgs/CarDriveStamped.h)
Linked: (/home/amogh/rosws2/devel/.private/art_msgs/include/art_msgs/Epsilon.h, /home/amogh/rosws2/devel/include/art_msgs/Epsilon.h)
Linked: (/home/amogh/rosws2/devel/.private/art_msgs/include/art_msgs/IOadrCommand.h, /home/amogh/rosws2/devel/include/art_msgs/IOadrCommand.h)
Linked: (/home/amogh/rosws2/devel/.private/art_msgs/include/art_msgs/NavigatorState.h, /home/amogh/rosws2/devel/include/art_msgs/NavigatorState.h)
Linked: (/home/amogh/rosws2/devel/.private/art_msgs/include/art_msgs/RoadState.h, /home/amogh/rosws2/devel/include/art_msgs/RoadState.h)
Linked: (/home/amogh/rosws2/devel/.private/art_msgs/include/art_msgs/PilotState.h, /home/amogh/rosws2/devel/include/art_msgs/PilotState.h)
Linked: (/home/amogh/rosws2/devel/.private/art_msgs/include/art_msgs/ArtQuadrilateral.h, /home/amogh/rosws2/devel/include/art_msgs/ArtQuadrilateral.h)
Linked: (/home/amogh/rosws2/devel/.private/art_msgs/include/art_msgs/BrakeCommand.h, /home/amogh/rosws2/devel/include/art_msgs/BrakeCommand.h)
Linked: (/home/amogh/rosws2/devel/.private/art_msgs/include/art_msgs/ArtLanes.h, /home/amogh/rosws2/devel/include/art_msgs/ArtLanes.h)
Linked: (/home/amogh/rosws2/devel/.private/art_msgs/include/art_msgs/WayPoint.h, /home/amogh/rosws2/devel/include/art_msgs/WayPoint.h)
Linked: (/home/amogh/rosws2/devel/.private/art_msgs/include/art_msgs/EstopState.h, /home/amogh/rosws2/devel/include/art_msgs/EstopState.h)
Linked: (/home/amogh/rosws2/devel/.private/art_msgs/include/art_msgs/Conversions.h, /home/amogh/rosws2/devel/include/art_msgs/Conversions.h)
Linked: (/home/amogh/rosws2/devel/.private/art_msgs/include/art_msgs/GpsInfo.h, /home/amogh/rosws2/devel/include/art_msgs/GpsInfo.h)
Linked: (/home/amogh/rosws2/devel/.private/art_msgs/include/art_msgs/LearningCommand.h, /home/amogh/rosws2/devel/include/art_msgs/LearningCommand.h)
Linked: (/home/amogh/rosws2/devel/.private/art_msgs/include/art_msgs/ThrottleCommand.h, /home/amogh/rosws2/devel/include/art_msgs/ThrottleCommand.h)
Linked: (/home/amogh/rosws2/devel/.private/art_msgs/include/art_msgs/SteeringCommand.h, /home/amogh/rosws2/devel/include/art_msgs/SteeringCommand.h)
Linked: (/home/amogh/rosws2/devel/.private/art_msgs/include/art_msgs/Observation.h, /home/amogh/rosws2/devel/include/art_msgs/Observation.h)
Linked: (/home/amogh/rosws2/devel/.private/art_msgs/include/art_msgs/BrakeState.h, /home/amogh/rosws2/devel/include/art_msgs/BrakeState.h)
Linked: (/home/amogh/rosws2/devel/.private/art_msgs/include/art_msgs/ObservationArray.h, /home/amogh/rosws2/devel/include/art_msgs/ObservationArray.h)
Linked: (/home/amogh/rosws2/devel/.private/art_msgs/include/art_msgs/DriverState.h, /home/amogh/rosws2/devel/include/art_msgs/DriverState.h)
Linked: (/home/amogh/rosws2/devel/.private/art_msgs/include/art_msgs/SteeringDiagnostics.h, /home/amogh/rosws2/devel/include/art_msgs/SteeringDiagnostics.h)
Linked: (/home/amogh/rosws2/devel/.private/art_msgs/include/art_msgs/ArtVehicle.h, /home/amogh/rosws2/devel/include/art_msgs/ArtVehicle.h)
Linked: (/home/amogh/rosws2/devel/.private/art_msgs/include/art_msgs/ArtHertz.h, /home/amogh/rosws2/devel/include/art_msgs/ArtHertz.h)
Linked: (/home/amogh/rosws2/devel/.private/art_msgs/include/art_msgs/MapID.h, /home/amogh/rosws2/devel/include/art_msgs/MapID.h)
Linked: (/home/amogh/rosws2/devel/.private/art_msgs/include/art_msgs/IOadrState.h, /home/amogh/rosws2/devel/include/art_msgs/IOadrState.h)
Linked: (/home/amogh/rosws2/devel/.private/art_msgs/include/art_msgs/ThrottleState.h, /home/amogh/rosws2/devel/include/art_msgs/ThrottleState.h)
Linked: (/home/amogh/rosws2/devel/.private/art_msgs/include/art_msgs/Behavior.h, /home/amogh/rosws2/devel/include/art_msgs/Behavior.h)
Linked: (/home/amogh/rosws2/devel/.private/art_msgs/include/art_msgs/NavigatorCommand.h, /home/amogh/rosws2/devel/include/art_msgs/NavigatorCommand.h)
Linked: (/home/amogh/rosws2/devel/.private/art_msgs/include/art_msgs/CarDrive.h, /home/amogh/rosws2/devel/include/art_msgs/CarDrive.h)
Linked: (/home/amogh/rosws2/devel/.private/art_msgs/include/art_msgs/PilotBehavior.h, /home/amogh/rosws2/devel/include/art_msgs/PilotBehavior.h)
Linked: (/home/amogh/rosws2/devel/.private/art_msgs/include/art_msgs/SteeringState.h, /home/amogh/rosws2/devel/include/art_msgs/SteeringState.h)
Linked: (/home/amogh/rosws2/devel/.private/art_msgs/share/common-lisp/ros/art_msgs/msg/_package_WayPoint.lisp, /home/amogh/rosws2/devel/share/common-lisp/ros/art_msgs/msg/_package_WayPoint.lisp)
Linked: (/home/amogh/rosws2/devel/.private/art_msgs/share/common-lisp/ros/art_msgs/msg/LaneMarking.lisp, /home/amogh/rosws2/devel/share/common-lisp/ros/art_msgs/msg/LaneMarking.lisp)
Linked: (/home/amogh/rosws2/devel/.private/art_msgs/share/common-lisp/ros/art_msgs/msg/_package_CarControl.lisp, /home/amogh/rosws2/devel/share/common-lisp/ros/art_msgs/msg/_package_CarControl.lisp)
Linked: (/home/amogh/rosws2/devel/.private/art_msgs/share/common-lisp/ros/art_msgs/msg/_package_IOadrCommand.lisp, /home/amogh/rosws2/devel/share/common-lisp/ros/art_msgs/msg/_package_IOadrCommand.lisp)
Linked: (/home/amogh/rosws2/devel/.private/art_msgs/share/common-lisp/ros/art_msgs/msg/_package_CarDriveStamped.lisp, /home/amogh/rosws2/devel/share/common-lisp/ros/art_msgs/msg/_package_CarDriveStamped.lisp)
Linked: (/home/amogh/rosws2/devel/.private/art_msgs/share/common-lisp/ros/art_msgs/msg/ObservationArray.lisp, /home/amogh/rosws2/devel/share/common-lisp/ros/art_msgs/msg/ObservationArray.lisp)
Linked: (/home/amogh/rosws2/devel/.private/art_msgs/share/common-lisp/ros/art_msgs/msg/_package_ObservationArray.lisp, /home/amogh/rosws2/devel/share/common-lisp/ros/art_msgs/msg/_package_ObservationArray.lisp)
Linked: (/home/amogh/rosws2/devel/.private/art_msgs/share/common-lisp/ros/art_msgs/msg/_package_Order.lisp, /home/amogh/rosws2/devel/share/common-lisp/ros/art_msgs/msg/_package_Order.lisp)
Linked: (/home/amogh/rosws2/devel/.private/art_msgs/share/common-lisp/ros/art_msgs/msg/SteeringCommand.lisp, /home/amogh/rosws2/devel/share/common-lisp/ros/art_msgs/msg/SteeringCommand.lisp)
Linked: (/home/amogh/rosws2/devel/.private/art_msgs/share/common-lisp/ros/art_msgs/msg/_package_SteeringDiagnostics.lisp, /home/amogh/rosws2/devel/share/common-lisp/ros/art_msgs/msg/_package_SteeringDiagnostics.lisp)
Linked: (/home/amogh/rosws2/devel/.private/art_msgs/share/common-lisp/ros/art_msgs/msg/Behavior.lisp, /home/amogh/rosws2/devel/share/common-lisp/ros/art_msgs/msg/Behavior.lisp)
Linked: (/home/amogh/rosws2/devel/.private/art_msgs/share/common-lisp/ros/art_msgs/msg/ThrottleState.lisp, /home/amogh/rosws2/devel/share/common-lisp/ros/art_msgs/msg/ThrottleState.lisp)
Linked: (/home/amogh/rosws2/devel/.private/art_msgs/share/common-lisp/ros/art_msgs/msg/art_msgs-msg.asd, /home/amogh/rosws2/devel/share/common-lisp/ros/art_msgs/msg/art_msgs-msg.asd)
Linked: (/home/amogh/rosws2/devel/.private/art_msgs/share/common-lisp/ros/art_msgs/msg/_package_LearningCommand.lisp, /home/amogh/rosws2/devel/share/common-lisp/ros/art_msgs/msg/_package_LearningCommand.lisp)
Linked: (/home/amogh/rosws2/devel/.private/art_msgs/share/common-lisp/ros/art_msgs/msg/_package.lisp, /home/amogh/rosws2/devel/share/common-lisp/ros/art_msgs/msg/_package.lisp)
Linked: (/home/amogh/rosws2/devel/.private/art_msgs/share/common-lisp/ros/art_msgs/msg/_package_RoadState.lisp, /home/amogh/rosws2/devel/share/common-lisp/ros/art_msgs/msg/_package_RoadState.lisp)
Linked: (/home/amogh/rosws2/devel/.private/art_msgs/share/common-lisp/ros/art_msgs/msg/_package_Shifter.lisp, /home/amogh/rosws2/devel/share/common-lisp/ros/art_msgs/msg/_package_Shifter.lisp)
Linked: (/home/amogh/rosws2/devel/.private/art_msgs/share/common-lisp/ros/art_msgs/msg/PilotState.lisp, /home/amogh/rosws2/devel/share/common-lisp/ros/art_msgs/msg/PilotState.lisp)
Linked: (/home/amogh/rosws2/devel/.private/art_msgs/share/common-lisp/ros/art_msgs/msg/_package_Behavior.lisp, /home/amogh/rosws2/devel/share/common-lisp/ros/art_msgs/msg/_package_Behavior.lisp)
Linked: (/home/amogh/rosws2/devel/.private/art_msgs/share/common-lisp/ros/art_msgs/msg/_package_ThrottleCommand.lisp, /home/amogh/rosws2/devel/share/common-lisp/ros/art_msgs/msg/_package_ThrottleCommand.lisp)
Linked: (/home/amogh/rosws2/devel/.private/art_msgs/share/common-lisp/ros/art_msgs/msg/_package_CarCommand.lisp, /home/amogh/rosws2/devel/share/common-lisp/ros/art_msgs/msg/_package_CarCommand.lisp)
Linked: (/home/amogh/rosws2/devel/.private/art_msgs/share/common-lisp/ros/art_msgs/msg/_package_PilotState.lisp, /home/amogh/rosws2/devel/share/common-lisp/ros/art_msgs/msg/_package_PilotState.lisp)
Linked: (/home/amogh/rosws2/devel/.private/art_msgs/share/common-lisp/ros/art_msgs/msg/ArtQuadrilateral.lisp, /home/amogh/rosws2/devel/share/common-lisp/ros/art_msgs/msg/ArtQuadrilateral.lisp)
Linked: (/home/amogh/rosws2/devel/.private/art_msgs/share/common-lisp/ros/art_msgs/msg/ArtHertz.lisp, /home/amogh/rosws2/devel/share/common-lisp/ros/art_msgs/msg/ArtHertz.lisp)
Linked: (/home/amogh/rosws2/devel/.private/art_msgs/share/common-lisp/ros/art_msgs/msg/Conversions.lisp, /home/amogh/rosws2/devel/share/common-lisp/ros/art_msgs/msg/Conversions.lisp)
Linked: (/home/amogh/rosws2/devel/.private/art_msgs/share/common-lisp/ros/art_msgs/msg/_package_NavigatorCommand.lisp, /home/amogh/rosws2/devel/share/common-lisp/ros/art_msgs/msg/_package_NavigatorCommand.lisp)
Linked: (/home/amogh/rosws2/devel/.private/art_msgs/share/common-lisp/ros/art_msgs/msg/_package_EstopState.lisp, /home/amogh/rosws2/devel/share/common-lisp/ros/art_msgs/msg/_package_EstopState.lisp)
Linked: (/home/amogh/rosws2/devel/.private/art_msgs/share/common-lisp/ros/art_msgs/msg/_package_ArtHertz.lisp, /home/amogh/rosws2/devel/share/common-lisp/ros/art_msgs/msg/_package_ArtHertz.lisp)
Linked: (/home/amogh/rosws2/devel/.private/art_msgs/share/common-lisp/ros/art_msgs/msg/_package_ThrottleState.lisp, /home/amogh/rosws2/devel/share/common-lisp/ros/art_msgs/msg/_package_ThrottleState.lisp)
Linked: (/home/amogh/rosws2/devel/.private/art_msgs/share/common-lisp/ros/art_msgs/msg/_package_Epsilon.lisp, /home/amogh/rosws2/devel/share/common-lisp/ros/art_msgs/msg/_package_Epsilon.lisp)
Linked: (/home/amogh/rosws2/devel/.private/art_msgs/share/common-lisp/ros/art_msgs/msg/ThrottleCommand.lisp, /home/amogh/rosws2/devel/share/common-lisp/ros/art_msgs/msg/ThrottleCommand.lisp)
Linked: (/home/amogh/rosws2/devel/.private/art_msgs/share/common-lisp/ros/art_msgs/msg/_package_DriverState.lisp, /home/amogh/rosws2/devel/share/common-lisp/ros/art_msgs/msg/_package_DriverState.lisp)
Linked: (/home/amogh/rosws2/devel/.private/art_msgs/share/common-lisp/ros/art_msgs/msg/PilotBehavior.lisp, /home/amogh/rosws2/devel/share/common-lisp/ros/art_msgs/msg/PilotBehavior.lisp)
Linked: (/home/amogh/rosws2/devel/.private/art_msgs/share/common-lisp/ros/art_msgs/msg/Observation.lisp, /home/amogh/rosws2/devel/share/common-lisp/ros/art_msgs/msg/Observation.lisp)
Linked: (/home/amogh/rosws2/devel/.private/art_msgs/share/common-lisp/ros/art_msgs/msg/SteeringDiagnostics.lisp, /home/amogh/rosws2/devel/share/common-lisp/ros/art_msgs/msg/SteeringDiagnostics.lisp)
Linked: (/home/amogh/rosws2/devel/.private/art_msgs/share/common-lisp/ros/art_msgs/msg/WayPoint.lisp, /home/amogh/rosws2/devel/share/common-lisp/ros/art_msgs/msg/WayPoint.lisp)
Linked: (/home/amogh/rosws2/devel/.private/art_msgs/share/common-lisp/ros/art_msgs/msg/_package_BrakeCommand.lisp, /home/amogh/rosws2/devel/share/common-lisp/ros/art_msgs/msg/_package_BrakeCommand.lisp)
Linked: (/home/amogh/rosws2/devel/.private/art_msgs/share/common-lisp/ros/art_msgs/msg/NavigatorCommand.lisp, /home/amogh/rosws2/devel/share/common-lisp/ros/art_msgs/msg/NavigatorCommand.lisp)
Linked: (/home/amogh/rosws2/devel/.private/art_msgs/share/common-lisp/ros/art_msgs/msg/ArtVehicle.lisp, /home/amogh/rosws2/devel/share/common-lisp/ros/art_msgs/msg/ArtVehicle.lisp)
Linked: (/home/amogh/rosws2/devel/.private/art_msgs/share/common-lisp/ros/art_msgs/msg/_package_NavigatorState.lisp, /home/amogh/rosws2/devel/share/common-lisp/ros/art_msgs/msg/_package_NavigatorState.lisp)
Linked: (/home/amogh/rosws2/devel/.private/art_msgs/share/common-lisp/ros/art_msgs/msg/IOadrState.lisp, /home/amogh/rosws2/devel/share/common-lisp/ros/art_msgs/msg/IOadrState.lisp)
Linked: (/home/amogh/rosws2/devel/.private/art_msgs/share/common-lisp/ros/art_msgs/msg/_package_SteeringState.lisp, /home/amogh/rosws2/devel/share/common-lisp/ros/art_msgs/msg/_package_SteeringState.lisp)
Linked: (/home/amogh/rosws2/devel/.private/art_msgs/share/common-lisp/ros/art_msgs/msg/CarDrive.lisp, /home/amogh/rosws2/devel/share/common-lisp/ros/art_msgs/msg/CarDrive.lisp)
Linked: (/home/amogh/rosws2/devel/.private/art_msgs/share/common-lisp/ros/art_msgs/msg/LearningCommand.lisp, /home/amogh/rosws2/devel/share/common-lisp/ros/art_msgs/msg/LearningCommand.lisp)
Linked: (/home/amogh/rosws2/devel/.private/art_msgs/share/common-lisp/ros/art_msgs/msg/DriverState.lisp, /home/amogh/rosws2/devel/share/common-lisp/ros/art_msgs/msg/DriverState.lisp)
Linked: (/home/amogh/rosws2/devel/.private/art_msgs/share/common-lisp/ros/art_msgs/msg/BrakeCommand.lisp, /home/amogh/rosws2/devel/share/common-lisp/ros/art_msgs/msg/BrakeCommand.lisp)
Linked: (/home/amogh/rosws2/devel/.private/art_msgs/share/common-lisp/ros/art_msgs/msg/_package_Conversions.lisp, /home/amogh/rosws2/devel/share/common-lisp/ros/art_msgs/msg/_package_Conversions.lisp)
Linked: (/home/amogh/rosws2/devel/.private/art_msgs/share/common-lisp/ros/art_msgs/msg/Order.lisp, /home/amogh/rosws2/devel/share/common-lisp/ros/art_msgs/msg/Order.lisp)
Linked: (/home/amogh/rosws2/devel/.private/art_msgs/share/common-lisp/ros/art_msgs/msg/_package_BrakeState.lisp, /home/amogh/rosws2/devel/share/common-lisp/ros/art_msgs/msg/_package_BrakeState.lisp)
Linked: (/home/amogh/rosws2/devel/.private/art_msgs/share/common-lisp/ros/art_msgs/msg/CarDriveStamped.lisp, /home/amogh/rosws2/devel/share/common-lisp/ros/art_msgs/msg/CarDriveStamped.lisp)
Linked: (/home/amogh/rosws2/devel/.private/art_msgs/share/common-lisp/ros/art_msgs/msg/BrakeState.lisp, /home/amogh/rosws2/devel/share/common-lisp/ros/art_msgs/msg/BrakeState.lisp)
Linked: (/home/amogh/rosws2/devel/.private/art_msgs/share/common-lisp/ros/art_msgs/msg/CarControl.lisp, /home/amogh/rosws2/devel/share/common-lisp/ros/art_msgs/msg/CarControl.lisp)
Linked: (/home/amogh/rosws2/devel/.private/art_msgs/share/common-lisp/ros/art_msgs/msg/_package_CarDrive.lisp, /home/amogh/rosws2/devel/share/common-lisp/ros/art_msgs/msg/_package_CarDrive.lisp)
Linked: (/home/amogh/rosws2/devel/.private/art_msgs/share/common-lisp/ros/art_msgs/msg/RoadState.lisp, /home/amogh/rosws2/devel/share/common-lisp/ros/art_msgs/msg/RoadState.lisp)
Linked: (/home/amogh/rosws2/devel/.private/art_msgs/share/common-lisp/ros/art_msgs/msg/ArtLanes.lisp, /home/amogh/rosws2/devel/share/common-lisp/ros/art_msgs/msg/ArtLanes.lisp)
Linked: (/home/amogh/rosws2/devel/.private/art_msgs/share/common-lisp/ros/art_msgs/msg/_package_LaneMarking.lisp, /home/amogh/rosws2/devel/share/common-lisp/ros/art_msgs/msg/_package_LaneMarking.lisp)
Linked: (/home/amogh/rosws2/devel/.private/art_msgs/share/common-lisp/ros/art_msgs/msg/NavigatorState.lisp, /home/amogh/rosws2/devel/share/common-lisp/ros/art_msgs/msg/NavigatorState.lisp)
Linked: (/home/amogh/rosws2/devel/.private/art_msgs/share/common-lisp/ros/art_msgs/msg/_package_Gear.lisp, /home/amogh/rosws2/devel/share/common-lisp/ros/art_msgs/msg/_package_Gear.lisp)
Linked: (/home/amogh/rosws2/devel/.private/art_msgs/share/common-lisp/ros/art_msgs/msg/CarCommand.lisp, /home/amogh/rosws2/devel/share/common-lisp/ros/art_msgs/msg/CarCommand.lisp)
Linked: (/home/amogh/rosws2/devel/.private/art_msgs/share/common-lisp/ros/art_msgs/msg/Epsilon.lisp, /home/amogh/rosws2/devel/share/common-lisp/ros/art_msgs/msg/Epsilon.lisp)
Linked: (/home/amogh/rosws2/devel/.private/art_msgs/share/common-lisp/ros/art_msgs/msg/_package_ArtVehicle.lisp, /home/amogh/rosws2/devel/share/common-lisp/ros/art_msgs/msg/_package_ArtVehicle.lisp)
Linked: (/home/amogh/rosws2/devel/.private/art_msgs/share/common-lisp/ros/art_msgs/msg/SteeringState.lisp, /home/amogh/rosws2/devel/share/common-lisp/ros/art_msgs/msg/SteeringState.lisp)
Linked: (/home/amogh/rosws2/devel/.private/art_msgs/share/common-lisp/ros/art_msgs/msg/_package_SteeringCommand.lisp, /home/amogh/rosws2/devel/share/common-lisp/ros/art_msgs/msg/_package_SteeringCommand.lisp)
Linked: (/home/amogh/rosws2/devel/.private/art_msgs/share/common-lisp/ros/art_msgs/msg/GpsInfo.lisp, /home/amogh/rosws2/devel/share/common-lisp/ros/art_msgs/msg/GpsInfo.lisp)
Linked: (/home/amogh/rosws2/devel/.private/art_msgs/share/common-lisp/ros/art_msgs/msg/MapID.lisp, /home/amogh/rosws2/devel/share/common-lisp/ros/art_msgs/msg/MapID.lisp)
Linked: (/home/amogh/rosws2/devel/.private/art_msgs/share/common-lisp/ros/art_msgs/msg/_package_ArtQuadrilateral.lisp, /home/amogh/rosws2/devel/share/common-lisp/ros/art_msgs/msg/_package_ArtQuadrilateral.lisp)
Linked: (/home/amogh/rosws2/devel/.private/art_msgs/share/common-lisp/ros/art_msgs/msg/_package_Observation.lisp, /home/amogh/rosws2/devel/share/common-lisp/ros/art_msgs/msg/_package_Observation.lisp)
Linked: (/home/amogh/rosws2/devel/.private/art_msgs/share/common-lisp/ros/art_msgs/msg/IOadrCommand.lisp, /home/amogh/rosws2/devel/share/common-lisp/ros/art_msgs/msg/IOadrCommand.lisp)
Linked: (/home/amogh/rosws2/devel/.private/art_msgs/share/common-lisp/ros/art_msgs/msg/_package_MapID.lisp, /home/amogh/rosws2/devel/share/common-lisp/ros/art_msgs/msg/_package_MapID.lisp)
Linked: (/home/amogh/rosws2/devel/.private/art_msgs/share/common-lisp/ros/art_msgs/msg/Shifter.lisp, /home/amogh/rosws2/devel/share/common-lisp/ros/art_msgs/msg/Shifter.lisp)
Linked: (/home/amogh/rosws2/devel/.private/art_msgs/share/common-lisp/ros/art_msgs/msg/_package_IOadrState.lisp, /home/amogh/rosws2/devel/share/common-lisp/ros/art_msgs/msg/_package_IOadrState.lisp)
Linked: (/home/amogh/rosws2/devel/.private/art_msgs/share/common-lisp/ros/art_msgs/msg/Gear.lisp, /home/amogh/rosws2/devel/share/common-lisp/ros/art_msgs/msg/Gear.lisp)
Linked: (/home/amogh/rosws2/devel/.private/art_msgs/share/common-lisp/ros/art_msgs/msg/_package_ArtLanes.lisp, /home/amogh/rosws2/devel/share/common-lisp/ros/art_msgs/msg/_package_ArtLanes.lisp)
Linked: (/home/amogh/rosws2/devel/.private/art_msgs/share/common-lisp/ros/art_msgs/msg/_package_GpsInfo.lisp, /home/amogh/rosws2/devel/share/common-lisp/ros/art_msgs/msg/_package_GpsInfo.lisp)
Linked: (/home/amogh/rosws2/devel/.private/art_msgs/share/common-lisp/ros/art_msgs/msg/EstopState.lisp, /home/amogh/rosws2/devel/share/common-lisp/ros/art_msgs/msg/EstopState.lisp)
Linked: (/home/amogh/rosws2/devel/.private/art_msgs/share/common-lisp/ros/art_msgs/msg/_package_PilotBehavior.lisp, /home/amogh/rosws2/devel/share/common-lisp/ros/art_msgs/msg/_package_PilotBehavior.lisp)
Linked: (/home/amogh/rosws2/devel/.private/art_msgs/share/art_msgs/cmake/art_msgs-msg-paths.cmake, /home/amogh/rosws2/devel/share/art_msgs/cmake/art_msgs-msg-paths.cmake)
