Not searching for unused variables given on the command line.
[36m--[0m Using CATKIN_DEVEL_PREFIX: /home/amogh/rosws2/devel/.private/art_map
[36m--[0m Using CMAKE_PREFIX_PATH: /home/amogh/rosws2/devel;/opt/ros/indigo
[36m--[0m This workspace overlays: /home/amogh/rosws2/devel;/opt/ros/indigo
[36m--[0m Using PYTHON_EXECUTABLE: /usr/bin/python
[36m--[0m Using Debian Python package layout
[36m--[0m Using empy: /usr/bin/empy
[36m--[0m Using CATKIN_ENABLE_TESTING: ON
[36m--[0m Call enable_testing()
[36m--[0m Using CATKIN_TEST_RESULTS_DIR: /home/amogh/rosws2/build/art_map/test_results
[36m--[0m Found gtest sources under '/usr/src/gtest': gtests will be built
[36m--[0m Using Python nosetests: /usr/bin/nosetests-2.7
[36m--[0m catkin 0.6.19
[36m--[0m Using these message generators: gencpp;genlisp;genpy
[31m[1mCMake Error[0m at /home/amogh/rosws2/devel/share/art_common/cmake/art_commonConfig.cmake:141 (message):
  Project 'art_map' tried to find library 'art_common_LIBRARIES'.  The
  library is neither a target nor built/installed properly.  Did you compile
  project 'art_common'? Did you find_package() it before the subdirectory
  containing its code is included?
[36mCall Stack (most recent call first):[0m
  CMakeLists.txt:6 (find_package)


[36m--[0m Configuring incomplete, errors occurred!
See also "/home/amogh/rosws2/build/art_map/CMakeFiles/CMakeOutput.log".
See also "/home/amogh/rosws2/build/art_map/CMakeFiles/CMakeError.log".
