In file included from /home/amogh/rosws2/src/art_map/include/art_map/PolyOps.h:30:0,
                 from /home/amogh/rosws2/src/art_map/include/art_map/FilteredPolygon.h:11,
                 from /home/amogh/rosws2/src/art_map/src/FilteredPolygon.cc:3:
/home/amogh/rosws2/src/art_map/include/art_map/coordinates.h:31:29: fatal error: art/conversions.h: No such file or directory
 #include <art/conversions.h>
                             ^
compilation terminated.
In file included from /home/amogh/rosws2/src/art_map/src/test_lanes.cc:25:0:
/home/amogh/rosws2/src/art_map/include/art_map/euclidean_distance.h:20:25: fatal error: art/epsilon.h: No such file or directory
 #include <art/epsilon.h>
                         ^
compilation terminated.
make[2]: *** [CMakeFiles/art_map.dir/src/FilteredPolygon.cc.o] Error 1
make[1]: *** [CMakeFiles/art_map.dir/all] Error 2
make[1]: *** Waiting for unfinished jobs....
In file included from /home/amogh/rosws2/src/art_map/include/art_map/Graph.h:26:0,
                 from /home/amogh/rosws2/src/art_map/src/mapl.cc:25:
/home/amogh/rosws2/src/art_map/include/art_map/coordinates.h:31:29: fatal error: art/conversions.h: No such file or directory
 #include <art/conversions.h>
                             ^
compilation terminated.
/usr/bin/ld: cannot find -lartmap
collect2: error: ld returned 1 exit status
make[2]: *** [/home/amogh/rosws2/devel/.private/art_map/lib/art_map/getpoints] Error 1
make[1]: *** [CMakeFiles/getpoints.dir/all] Error 2
make[2]: *** [CMakeFiles/test_lanes.dir/src/test_lanes.cc.o] Error 1
make[1]: *** [CMakeFiles/test_lanes.dir/all] Error 2
make[2]: *** [CMakeFiles/maplanes.dir/src/mapl.cc.o] Error 1
make[1]: *** [CMakeFiles/maplanes.dir/all] Error 2
make: *** [all] Error 2
