[36m--[0m Using CATKIN_DEVEL_PREFIX: /home/amogh/rosws2/devel/.private/art_map
[36m--[0m Using CMAKE_PREFIX_PATH: /home/amogh/rosws2/devel;/opt/ros/indigo
[36m--[0m This workspace overlays: /home/amogh/rosws2/devel;/opt/ros/indigo
[36m--[0m Using PYTHON_EXECUTABLE: /usr/bin/python
[36m--[0m Using Debian Python package layout
[36m--[0m Using empy: /usr/bin/empy
[36m--[0m Using CATKIN_ENABLE_TESTING: ON
[36m--[0m Call enable_testing()
[36m--[0m Using CATKIN_TEST_RESULTS_DIR: /home/amogh/rosws2/build/art_map/test_results
[36m--[0m Found gtest sources under '/usr/src/gtest': gtests will be built
[36m--[0m Using Python nosetests: /usr/bin/nosetests-2.7
[36m--[0m catkin 0.6.19
[36m--[0m Using these message generators: gencpp;genlisp;genpy
[36m--[0m Boost version: 1.54.0
[36m--[0m Found the following Boost libraries:
[36m--[0m   thread
[31m[1mCMake Error[0m at /home/amogh/rosws2/src/art_map/CMakeLists.txt:48 (add_library):
  add_library cannot create target "art_map" because another target with the
  same name already exists.  The existing target is a shared library created
  in source directory "/home/amogh/rosws2/src/art_map".  See documentation
  for policy CMP0002 for more details.


[36m--[0m Configuring incomplete, errors occurred!
See also "/home/amogh/rosws2/build/art_map/CMakeFiles/CMakeOutput.log".
See also "/home/amogh/rosws2/build/art_map/CMakeFiles/CMakeError.log".
make: *** [cmake_check_build_system] Error 1
