/home/amogh/rosws2/src/art_map/src/Graph.cc:9:21: fatal error: art/UTM.h: No such file or directory
 #include <art/UTM.h>
                     ^
compilation terminated.
In file included from /home/amogh/rosws2/src/art_map/src/DrawLanes.cc:2:0:
/home/amogh/rosws2/src/art_map/include/art_map/euclidean_distance.h:20:25: fatal error: art/epsilon.h: No such file or directory
 #include <art/epsilon.h>
                         ^
compilation terminated.
/home/amogh/rosws2/src/art_map/src/KF.cc:6:29: fatal error: art/conversions.h: No such file or directory
 #include <art/conversions.h>
                             ^
compilation terminated.
make[2]: *** [CMakeFiles/art_map.dir/src/DrawLanes.cc.o] Error 1
make[1]: *** [CMakeFiles/art_map.dir/all] Error 2
make[1]: *** Waiting for unfinished jobs....
make[2]: *** [CMakeFiles/artmap.dir/src/Graph.cc.o] Error 1
make[2]: *** Waiting for unfinished jobs....
/home/amogh/rosws2/src/art_map/src/MapLanes.cc:19:25: fatal error: art/epsilon.h: No such file or directory
 #include <art/epsilon.h>
                         ^
compilation terminated.
make[2]: *** [CMakeFiles/artmap.dir/src/KF.cc.o] Error 1
make[2]: *** [CMakeFiles/artmap.dir/src/MapLanes.cc.o] Error 1
In file included from /home/amogh/rosws2/src/art_map/include/art_map/PolyOps.h:30:0,
                 from /home/amogh/rosws2/src/art_map/include/art_map/FilteredPolygon.h:11,
                 from /home/amogh/rosws2/src/art_map/src/FilteredPolygon.cc:3:
/home/amogh/rosws2/src/art_map/include/art_map/coordinates.h:31:29: fatal error: art/conversions.h: No such file or directory
 #include <art/conversions.h>
                             ^
compilation terminated.
make[2]: *** [CMakeFiles/artmap.dir/src/FilteredPolygon.cc.o] Error 1
make[1]: *** [CMakeFiles/artmap.dir/all] Error 2
make: *** [all] Error 2
